<?xml version="1.0" encoding="UTF-8"?>
<!-- Generated by org.testng.reporters.JUnitReportReporter -->
<testsuite hostname="LONLAP09834MAC" failures="0" tests="1" name="com.mycompany.app.AppTest" time="0.009" errors="0" timestamp="2021-05-10T07:53:48 BST" skipped="0">
  <testcase classname="com.mycompany.app.AppTest" name="shouldAnswerWithTrue" time="0.009"/>
  <system-out/>
</testsuite> <!-- com.mycompany.app.AppTest -->
